{"meta": {"format": 3, "version": "7.10.5", "timestamp": "2025-11-07T11:16:25.174503", "branch_coverage": false, "show_contexts": false}, "files": {"components/frontmatter/core/trivial_exporter.py": {"executed_lines": [2, 21, 22, 23, 24, 25, 27, 30, 38, 46, 47, 61, 63, 64, 65, 68, 69, 70, 73, 76, 78, 79, 80, 82, 86, 88, 89, 90, 91, 92, 93, 96, 103, 106, 107, 108, 109, 110, 112, 113, 114, 115, 117, 119, 146, 265, 273, 339, 369, 381, 404, 433, 471, 488, 489, 491, 492, 494, 496, 497, 500, 501, 504, 505, 507, 510, 518, 523, 525, 527, 542, 543, 546, 547, 550, 551, 552, 556, 557, 558, 559, 563, 566, 569, 570, 571, 575, 576, 577, 578, 581, 584, 587, 588, 589, 593, 594, 595, 596, 597, 599, 600, 601, 602, 603, 605, 608, 611, 612, 613, 616, 617, 619, 622, 623, 624, 627, 628, 630, 633, 634, 635, 638, 639, 641, 644, 645, 646, 649, 651, 653, 714, 759, 775], "summary": {"covered_lines": 132, "num_statements": 330, "percent_covered": 40.0, "percent_covered_display": "40", "missing_lines": 198, "excluded_lines": 0}, "missing_lines": [97, 98, 100, 126, 129, 130, 132, 133, 134, 135, 136, 137, 138, 139, 141, 142, 144, 158, 161, 162, 165, 166, 167, 168, 171, 172, 175, 176, 177, 178, 179, 180, 183, 193, 196, 205, 206, 208, 210, 212, 214, 216, 217, 219, 221, 223, 224, 229, 230, 231, 234, 235, 237, 238, 243, 244, 248, 249, 250, 253, 254, 257, 258, 260, 261, 263, 267, 268, 270, 271, 280, 281, 284, 287, 289, 290, 291, 292, 294, 295, 296, 298, 299, 301, 302, 305, 306, 307, 309, 311, 315, 324, 325, 326, 328, 329, 330, 331, 333, 334, 335, 337, 347, 348, 350, 352, 353, 355, 356, 358, 359, 361, 364, 365, 367, 371, 372, 374, 375, 377, 379, 383, 384, 387, 388, 391, 392, 393, 396, 397, 398, 399, 400, 402, 415, 417, 419, 421, 426, 428, 431, 454, 460, 461, 466, 467, 469, 670, 671, 673, 675, 676, 677, 678, 680, 681, 682, 683, 686, 688, 689, 690, 698, 701, 702, 704, 707, 712, 727, 730, 733, 734, 735, 741, 742, 743, 749, 750, 751, 756, 771, 772, 777, 779, 780, 781, 782, 783, 784, 785, 786, 787, 789, 791, 792, 793, 794, 795], "excluded_lines": [], "functions": {"TrivialFrontmatterExporter.__init__": {"executed_lines": [63, 64, 65, 68, 69, 70, 73, 76, 78, 79, 80], "summary": {"covered_lines": 11, "num_statements": 11, "percent_covered": 100.0, "percent_covered_display": "100", "missing_lines": 0, "excluded_lines": 0}, "missing_lines": [], "excluded_lines": []}, "TrivialFrontmatterExporter._load_property_taxonomy": {"executed_lines": [86, 88, 89, 90, 91, 92, 93, 96, 103, 106, 107, 108, 109, 110, 112, 113, 114, 115, 117], "summary": {"covered_lines": 19, "num_statements": 22, "percent_covered": 86.36363636363636, "percent_covered_display": "86", "missing_lines": 3, "excluded_lines": 0}, "missing_lines": [97, 98, 100], "excluded_lines": []}, "TrivialFrontmatterExporter.export_all": {"executed_lines": [], "summary": {"covered_lines": 0, "num_statements": 14, "percent_covered": 0.0, "percent_covered_display": "0", "missing_lines": 14, "excluded_lines": 0}, "missing_lines": [126, 129, 130, 132, 133, 134, 135, 136, 137, 138, 139, 141, 142, 144], "excluded_lines": []}, "TrivialFrontmatterExporter.export_single": {"executed_lines": [], "summary": {"covered_lines": 0, "num_statements": 49, "percent_covered": 0.0, "percent_covered_display": "0", "missing_lines": 49, "excluded_lines": 0}, "missing_lines": [158, 161, 162, 165, 166, 167, 168, 171, 172, 175, 176, 177, 178, 179, 180, 183, 193, 196, 205, 206, 208, 210, 212, 214, 216, 217, 219, 221, 223, 224, 229, 230, 231, 234, 235, 237, 238, 243, 244, 248, 249, 250, 253, 254, 257, 258, 260, 261, 263], "excluded_lines": []}, "TrivialFrontmatterExporter._get_category_ranges": {"executed_lines": [], "summary": {"covered_lines": 0, "num_statements": 4, "percent_covered": 0.0, "percent_covered_display": "0", "missing_lines": 4, "excluded_lines": 0}, "missing_lines": [267, 268, 270, 271], "excluded_lines": []}, "TrivialFrontmatterExporter._enrich_material_properties": {"executed_lines": [], "summary": {"covered_lines": 0, "num_statements": 32, "percent_covered": 0.0, "percent_covered_display": "0", "missing_lines": 32, "excluded_lines": 0}, "missing_lines": [280, 281, 284, 287, 289, 290, 291, 292, 294, 295, 296, 298, 299, 301, 302, 305, 306, 307, 309, 311, 315, 324, 325, 326, 328, 329, 330, 331, 333, 334, 335, 337], "excluded_lines": []}, "TrivialFrontmatterExporter._flatten_property_value": {"executed_lines": [], "summary": {"covered_lines": 0, "num_statements": 13, "percent_covered": 0.0, "percent_covered_display": "0", "missing_lines": 13, "excluded_lines": 0}, "missing_lines": [347, 348, 350, 352, 353, 355, 356, 358, 359, 361, 364, 365, 367], "excluded_lines": []}, "TrivialFrontmatterExporter._enrich_machine_settings": {"executed_lines": [], "summary": {"covered_lines": 0, "num_statements": 6, "percent_covered": 0.0, "percent_covered_display": "0", "missing_lines": 6, "excluded_lines": 0}, "missing_lines": [371, 372, 374, 375, 377, 379], "excluded_lines": []}, "TrivialFrontmatterExporter._add_min_max": {"executed_lines": [], "summary": {"covered_lines": 0, "num_statements": 13, "percent_covered": 0.0, "percent_covered_display": "0", "missing_lines": 13, "excluded_lines": 0}, "missing_lines": [383, 384, 387, 388, 391, 392, 393, 396, 397, 398, 399, 400, 402], "excluded_lines": []}, "TrivialFrontmatterExporter._remove_descriptions": {"executed_lines": [], "summary": {"covered_lines": 0, "num_statements": 7, "percent_covered": 0.0, "percent_covered_display": "0", "missing_lines": 7, "excluded_lines": 0}, "missing_lines": [415, 417, 419, 421, 426, 428, 431], "excluded_lines": []}, "TrivialFrontmatterExporter._strip_generation_metadata": {"executed_lines": [], "summary": {"covered_lines": 0, "num_statements": 6, "percent_covered": 0.0, "percent_covered_display": "0", "missing_lines": 6, "excluded_lines": 0}, "missing_lines": [454, 460, 461, 466, 467, 469], "excluded_lines": []}, "TrivialFrontmatterExporter._normalize_regulatory_standards": {"executed_lines": [488, 489, 491, 492, 494, 496, 497, 500, 501, 504, 505, 507, 510, 518, 523, 525], "summary": {"covered_lines": 16, "num_statements": 16, "percent_covered": 100.0, "percent_covered_display": "100", "missing_lines": 0, "excluded_lines": 0}, "missing_lines": [], "excluded_lines": []}, "TrivialFrontmatterExporter._enrich_organization_metadata": {"executed_lines": [542, 543, 546, 547, 550, 551, 552, 556, 557, 558, 559, 563, 566, 569, 570, 571, 575, 576, 577, 578, 581, 584, 587, 588, 589, 593, 594, 595, 596, 597, 599, 600, 601, 602, 603, 605, 608, 611, 612, 613, 616, 617, 619, 622, 623, 624, 627, 628, 630, 633, 634, 635, 638, 639, 641, 644, 645, 646, 649, 651], "summary": {"covered_lines": 60, "num_statements": 60, "percent_covered": 100.0, "percent_covered_display": "100", "missing_lines": 0, "excluded_lines": 0}, "missing_lines": [], "excluded_lines": []}, "TrivialFrontmatterExporter._format_faq_with_topics": {"executed_lines": [], "summary": {"covered_lines": 0, "num_statements": 21, "percent_covered": 0.0, "percent_covered_display": "0", "missing_lines": 21, "excluded_lines": 0}, "missing_lines": [670, 671, 673, 675, 676, 677, 678, 680, 681, 682, 683, 686, 688, 689, 690, 698, 701, 702, 704, 707, 712], "excluded_lines": []}, "TrivialFrontmatterExporter._generate_breadcrumb": {"executed_lines": [], "summary": {"covered_lines": 0, "num_statements": 12, "percent_covered": 0.0, "percent_covered_display": "0", "missing_lines": 12, "excluded_lines": 0}, "missing_lines": [727, 730, 733, 734, 735, 741, 742, 743, 749, 750, 751, 756], "excluded_lines": []}, "export_all_frontmatter": {"executed_lines": [], "summary": {"covered_lines": 0, "num_statements": 2, "percent_covered": 0.0, "percent_covered_display": "0", "missing_lines": 2, "excluded_lines": 0}, "missing_lines": [771, 772], "excluded_lines": []}, "": {"executed_lines": [2, 21, 22, 23, 24, 25, 27, 30, 38, 46, 47, 61, 82, 119, 146, 265, 273, 339, 369, 381, 404, 433, 471, 527, 653, 714, 759, 775], "summary": {"covered_lines": 26, "num_statements": 42, "percent_covered": 61.904761904761905, "percent_covered_display": "62", "missing_lines": 16, "excluded_lines": 0}, "missing_lines": [777, 779, 780, 781, 782, 783, 784, 785, 786, 787, 789, 791, 792, 793, 794, 795], "excluded_lines": []}}, "classes": {"TrivialFrontmatterExporter": {"executed_lines": [63, 64, 65, 68, 69, 70, 73, 76, 78, 79, 80, 86, 88, 89, 90, 91, 92, 93, 96, 103, 106, 107, 108, 109, 110, 112, 113, 114, 115, 117, 488, 489, 491, 492, 494, 496, 497, 500, 501, 504, 505, 507, 510, 518, 523, 525, 542, 543, 546, 547, 550, 551, 552, 556, 557, 558, 559, 563, 566, 569, 570, 571, 575, 576, 577, 578, 581, 584, 587, 588, 589, 593, 594, 595, 596, 597, 599, 600, 601, 602, 603, 605, 608, 611, 612, 613, 616, 617, 619, 622, 623, 624, 627, 628, 630, 633, 634, 635, 638, 639, 641, 644, 645, 646, 649, 651], "summary": {"covered_lines": 106, "num_statements": 286, "percent_covered": 37.06293706293706, "percent_covered_display": "37", "missing_lines": 180, "excluded_lines": 0}, "missing_lines": [97, 98, 100, 126, 129, 130, 132, 133, 134, 135, 136, 137, 138, 139, 141, 142, 144, 158, 161, 162, 165, 166, 167, 168, 171, 172, 175, 176, 177, 178, 179, 180, 183, 193, 196, 205, 206, 208, 210, 212, 214, 216, 217, 219, 221, 223, 224, 229, 230, 231, 234, 235, 237, 238, 243, 244, 248, 249, 250, 253, 254, 257, 258, 260, 261, 263, 267, 268, 270, 271, 280, 281, 284, 287, 289, 290, 291, 292, 294, 295, 296, 298, 299, 301, 302, 305, 306, 307, 309, 311, 315, 324, 325, 326, 328, 329, 330, 331, 333, 334, 335, 337, 347, 348, 350, 352, 353, 355, 356, 358, 359, 361, 364, 365, 367, 371, 372, 374, 375, 377, 379, 383, 384, 387, 388, 391, 392, 393, 396, 397, 398, 399, 400, 402, 415, 417, 419, 421, 426, 428, 431, 454, 460, 461, 466, 467, 469, 670, 671, 673, 675, 676, 677, 678, 680, 681, 682, 683, 686, 688, 689, 690, 698, 701, 702, 704, 707, 712, 727, 730, 733, 734, 735, 741, 742, 743, 749, 750, 751, 756], "excluded_lines": []}, "": {"executed_lines": [2, 21, 22, 23, 24, 25, 27, 30, 38, 46, 47, 61, 82, 119, 146, 265, 273, 339, 369, 381, 404, 433, 471, 527, 653, 714, 759, 775], "summary": {"covered_lines": 26, "num_statements": 44, "percent_covered": 59.09090909090909, "percent_covered_display": "59", "missing_lines": 18, "excluded_lines": 0}, "missing_lines": [771, 772, 777, 779, 780, 781, 782, 783, 784, 785, 786, 787, 789, 791, 792, 793, 794, 795], "excluded_lines": []}}}}, "totals": {"covered_lines": 132, "num_statements": 330, "percent_covered": 40.0, "percent_covered_display": "40", "missing_lines": 198, "excluded_lines": 0}}